\BOOKMARK [0][-]{cover.0}{\376\377\150\007\230\230\230\165}{}% 1
\BOOKMARK [0][-]{statement.0}{\376\377\130\360\146\016}{}% 2
\BOOKMARK [0][-]{zhAbstract.0}{\376\377\116\055\145\207\144\130\211\201}{}% 3
\BOOKMARK [0][-]{enAbstract.0}{\376\377\202\361\145\207\144\130\211\201}{}% 4
\BOOKMARK [0][-]{tfcontents.0}{\376\377\166\356\137\125}{}% 5
\BOOKMARK [0][-]{chapter.1}{\376\377\151\202\217\360}{}% 6
\BOOKMARK [1][-]{section.1.1}{\376\377\200\314\146\157\116\313\176\315}{chapter.1}% 7
\BOOKMARK [2][-]{subsection.1.1.1}{\376\377\131\047\221\317\166\204\145\160\143\156}{section.1.1}% 8
\BOOKMARK [2][-]{subsection.1.1.2}{\376\377\117\040\176\337\145\271\154\325\133\130\127\050\166\204\225\356\230\230}{section.1.1}% 9
\BOOKMARK [2][-]{subsection.1.1.3}{\376\377\000H\000a\000d\000o\000o\000p\147\266\147\204}{section.1.1}% 10
\BOOKMARK [1][-]{section.1.2}{\376\377\116\000\116\233\211\343\121\263\145\271\150\110}{chapter.1}% 11
\BOOKMARK [2][-]{subsection.1.2.1}{\376\377\000R\000D\000B\000M\000S}{section.1.2}% 12
\BOOKMARK [2][-]{subsection.1.2.2}{\376\377\000H\000i\000v\000e}{section.1.2}% 13
\BOOKMARK [2][-]{subsection.1.2.3}{\376\377\000H\000B\000a\000s\000e}{section.1.2}% 14
\BOOKMARK [2][-]{subsection.1.2.4}{\376\377\000M\000o\000n\000g\000o\000D\000B}{section.1.2}% 15
\BOOKMARK [1][-]{section.1.3}{\376\377\213\272\145\207\176\323\147\204}{chapter.1}% 16
\BOOKMARK [0][-]{chapter.2}{\376\377\170\024\172\166\145\271\154\325}{}% 17
\BOOKMARK [1][-]{section.2.1}{\376\377\000H\000i\000v\000e\124\214\000H\000B\000a\000s\000e\166\204\145\164\124\010}{chapter.2}% 18
\BOOKMARK [2][-]{subsection.2.1.1}{\376\377\123\237\164\006}{section.2.1}% 19
\BOOKMARK [2][-]{subsection.2.1.2}{\376\377\145\164\124\010\166\204\217\307\172\013}{section.2.1}% 20
\BOOKMARK [1][-]{section.2.2}{\376\377\145\160\143\156\133\374\121\145}{chapter.2}% 21
\BOOKMARK [2][-]{subsection.2.2.1}{\376\377\134\006\145\160\143\156\133\374\121\145\122\060\000h\000i\000v\000e}{section.2.2}% 22
\BOOKMARK [2][-]{subsection.2.2.2}{\376\377\134\006\145\160\143\156\133\374\121\145\122\060\000h\000i\000v\000e\000/\000h\000b\000a\000s\000e\116\055}{section.2.2}% 23
\BOOKMARK [2][-]{subsection.2.2.3}{\376\377\133\374\121\145\145\160\143\156\122\060\000m\000o\000n\000g\000o\000D\000B}{section.2.2}% 24
\BOOKMARK [2][-]{subsection.2.2.4}{\376\377\133\374\121\145\145\160\143\156\122\060\000m\000y\000s\000q\000l\116\055}{section.2.2}% 25
\BOOKMARK [0][-]{chapter.3}{\376\377\147\345\213\342\133\236\232\214\176\323\147\234}{}% 26
\BOOKMARK [1][-]{section.3.1}{\376\377\173\200\123\125\147\345\213\342}{chapter.3}% 27
\BOOKMARK [2][-]{subsection.3.1.1}{\376\377\134\017\145\160\221\317\176\247}{section.3.1}% 28
\BOOKMARK [2][-]{subsection.3.1.2}{\376\377\131\047\145\160\221\317\176\247}{section.3.1}% 29
\BOOKMARK [1][-]{section.3.2}{\376\377\131\015\147\102\147\345\213\342}{chapter.3}% 30
\BOOKMARK [2][-]{subsection.3.2.1}{\376\377\134\017\145\160\221\317\176\247}{section.3.2}% 31
\BOOKMARK [2][-]{subsection.3.2.2}{\376\377\131\047\145\160\221\317\176\247}{section.3.2}% 32
\BOOKMARK [1][-]{section.3.3}{\376\377\140\073\176\323}{chapter.3}% 33
\BOOKMARK [0][-]{chapter.4}{\376\377\147\345\213\342\117\030\123\026}{}% 34
\BOOKMARK [1][-]{section.4.1}{\376\377\117\177\165\050\175\042\137\025}{chapter.4}% 35
\BOOKMARK [1][-]{section.4.2}{\376\377\123\302\145\160\117\030\123\026}{chapter.4}% 36
\BOOKMARK [2][-]{subsection.4.2.1}{\376\377\131\202\117\125\213\276\133\232\123\302\145\160}{section.4.2}% 37
\BOOKMARK [2][-]{subsection.4.2.2}{\376\377\122\027\210\301\122\152\377\010\000C\000o\000l\000u\000m\000n\000\040\000P\000r\000u\000n\000i\000n\000g\377\011}{section.4.2}% 38
\BOOKMARK [2][-]{subsection.4.2.3}{\376\377\122\006\123\072\210\301\122\152\377\010\000P\000a\000r\000t\000i\000t\000i\000o\000n\000\040\000P\000r\000u\000n\000i\000n\000g\377\011}{section.4.2}% 39
\BOOKMARK [2][-]{subsection.4.2.4}{\376\377\000J\000o\000i\000n\124\214\000M\000a\000p\000J\000o\000i\000n}{section.4.2}% 40
\BOOKMARK [2][-]{subsection.4.2.5}{\376\377\000g\000r\000o\000u\000p\000b\000y}{section.4.2}% 41
\BOOKMARK [2][-]{subsection.4.2.6}{\376\377\124\010\136\166\134\017\145\207\116\366}{section.4.2}% 42
\BOOKMARK [1][-]{section.4.3}{\376\377\211\343\121\263\145\160\143\156\120\076\145\234}{chapter.4}% 43
\BOOKMARK [1][-]{section.4.4}{\376\377\133\371\000j\000o\000i\000n\147\345\213\342\173\227\154\325\166\204\170\024\172\166}{chapter.4}% 44
\BOOKMARK [0][-]{chapter.5}{\376\377\000H\000B\000a\000s\000e\133\242\142\067\172\357\177\026\172\013}{}% 45
\BOOKMARK [1][-]{section.5.1}{\376\377\133\242\142\067\172\357\177\026\172\013\166\204\221\315\211\201\151\202\137\365}{chapter.5}% 46
\BOOKMARK [2][-]{subsection.5.1.1}{\376\377\000H\000B\000a\000s\000e\000C\000o\000n\000f\000i\000g\000u\000r\000a\000t\000i\000o\000n}{section.5.1}% 47
\BOOKMARK [2][-]{subsection.5.1.2}{\376\377\000H\000B\000a\000s\000e\000A\000d\000m\000i\000n}{section.5.1}% 48
\BOOKMARK [2][-]{subsection.5.1.3}{\376\377\000P\000u\000t\124\214\000G\000e\000t\000/\000S\000c\000a\000n}{section.5.1}% 49
\BOOKMARK [2][-]{subsection.5.1.4}{\376\377\000F\000i\000l\000t\000e\000r\000s}{section.5.1}% 50
\BOOKMARK [1][-]{section.5.2}{\376\377\136\224\165\050\133\236\117\213}{chapter.5}% 51
\BOOKMARK [2][-]{subsection.5.2.1}{\376\377\116\343\170\001}{section.5.2}% 52
\BOOKMARK [2][-]{subsection.5.2.2}{\376\377\177\026\213\321\136\166\142\123\123\005}{section.5.2}% 53
\BOOKMARK [2][-]{subsection.5.2.3}{\376\377\142\147\210\114}{section.5.2}% 54
\BOOKMARK [0][-]{chapter*.41}{\376\377\123\302\200\003\145\207\163\056}{}% 55
\BOOKMARK [0][-]{chapter*.42}{\376\377\201\364\214\042}{}% 56
\BOOKMARK [0][-]{translation.0}{\376\377\213\321\145\207}{}% 57
